
14:26:15.299 [main] INFO testCases.TC_001_AccountregistrationTest - ***** starting  TC_001_AccountregistrationTest *******
14:26:15.349 [main] INFO testCases.TC_001_AccountregistrationTest - clickedon myaccountlink
14:26:20.549 [main] INFO testCases.TC_001_AccountregistrationTest - clickedon registerlink
14:26:20.551 [main] INFO testCases.TC_001_AccountregistrationTest - providing customer details.....
14:26:20.974 [main] INFO testCases.TC_001_AccountregistrationTest - validating expected mesage.....
14:26:20.999 [main] INFO testCases.TC_001_AccountregistrationTest - ***** finished TC_001_AccountregistrationTest *******
14:30:01.615 [main] INFO testCases.TC_001_AccountregistrationTest - ***** starting  TC_001_AccountregistrationTest *******
14:30:01.667 [main] INFO testCases.TC_001_AccountregistrationTest - clickedon myaccountlink
14:30:03.271 [main] INFO testCases.TC_001_AccountregistrationTest - clickedon registerlink
14:30:03.272 [main] INFO testCases.TC_001_AccountregistrationTest - providing customer details.....
14:30:05.651 [main] INFO testCases.TC_001_AccountregistrationTest - validating expected mesage.....
14:30:05.677 [main] INFO testCases.TC_001_AccountregistrationTest - ***** finished TC_001_AccountregistrationTest *******
14:33:09.587 [main] INFO testCases.TC_001_AccountregistrationTest - ***** starting  TC_001_AccountregistrationTest *******
14:33:09.640 [main] INFO testCases.TC_001_AccountregistrationTest - clickedon myaccountlink
14:33:10.271 [main] INFO testCases.TC_001_AccountregistrationTest - clickedon registerlink
14:33:10.272 [main] INFO testCases.TC_001_AccountregistrationTest - providing customer details.....
14:33:11.290 [main] INFO testCases.TC_001_AccountregistrationTest - validating expected mesage.....
14:34:13.688 [main] INFO testCases.TC_001_AccountregistrationTest - ***** starting  TC_001_AccountregistrationTest *******
14:34:13.739 [main] INFO testCases.TC_001_AccountregistrationTest - clickedon myaccountlink
14:34:14.335 [main] INFO testCases.TC_001_AccountregistrationTest - clickedon registerlink
14:34:14.336 [main] INFO testCases.TC_001_AccountregistrationTest - providing customer details.....
14:34:15.506 [main] INFO testCases.TC_001_AccountregistrationTest - validating expected mesage.....
14:35:49.950 [main] INFO testCases.TC_001_AccountregistrationTest - ***** starting  TC_001_AccountregistrationTest *******
14:35:50.001 [main] INFO testCases.TC_001_AccountregistrationTest - clickedon myaccountlink
14:35:50.606 [main] INFO testCases.TC_001_AccountregistrationTest - clickedon registerlink
14:35:50.608 [main] INFO testCases.TC_001_AccountregistrationTest - providing customer details.....
14:35:51.592 [main] INFO testCases.TC_001_AccountregistrationTest - validating expected mesage.....
14:42:12.901 [main] INFO testCases.TC_001_AccountregistrationTest - ***** starting  TC_001_AccountregistrationTest *******
14:42:12.953 [main] INFO testCases.TC_001_AccountregistrationTest - clickedon myaccountlink
14:42:13.538 [main] INFO testCases.TC_001_AccountregistrationTest - clickedon registerlink
14:42:13.539 [main] INFO testCases.TC_001_AccountregistrationTest - providing customer details.....
14:42:14.637 [main] INFO testCases.TC_001_AccountregistrationTest - validating expected mesage.....
14:42:14.668 [main] ERROR testCases.TC_001_AccountregistrationTest - test failed....
14:42:14.668 [main] DEBUG testCases.TC_001_AccountregistrationTest - debug logs...
